2023-10-21 10:58:28.489 [main] INFO  o.s.t.c.s.AnnotationConfigContextLoaderUtils - Could not detect default configuration classes for test class [com.tec02.Tec02serverApplicationTests]: Tec02serverApplicationTests does not declare any static, non-private, non-final, nested classes annotated with @Configuration.
2023-10-21 10:58:28.573 [main] INFO  o.s.b.t.c.SpringBootTestContextBootstrapper - Found @SpringBootConfiguration com.tec02.Tec02serverApplication for test class com.tec02.Tec02serverApplicationTests
2023-10-21 10:58:28.834 [main] INFO  c.tec02.Tec02serverApplicationTests - Starting Tec02serverApplicationTests using Java 19.0.2 with PID 1000 (started by Administrator in D:\Eclipse\TEc02Backend\tec02server)
2023-10-21 10:58:28.835 [main] INFO  c.tec02.Tec02serverApplicationTests - No active profile set, falling back to 1 default profile: "default"
2023-10-21 10:58:29.428 [main] INFO  o.s.d.r.c.RepositoryConfigurationDelegate - Bootstrapping Spring Data JPA repositories in DEFAULT mode.
2023-10-21 10:58:29.517 [main] INFO  o.s.d.r.c.RepositoryConfigurationDelegate - Finished Spring Data repository scanning in 83 ms. Found 14 JPA repository interfaces.
2023-10-21 10:58:29.829 [main] INFO  o.s.c.s.PostProcessorRegistrationDelegate$BeanPostProcessorChecker - Bean 'org.springframework.ws.config.annotation.DelegatingWsConfiguration' of type [org.springframework.ws.config.annotation.DelegatingWsConfiguration$$SpringCGLIB$$0] is not eligible for getting processed by all BeanPostProcessors (for example: not eligible for auto-proxying)
2023-10-21 10:58:29.847 [main] INFO  o.s.w.s.a.s.AnnotationActionEndpointMapping - Supporting [WS-Addressing August 2004, WS-Addressing 1.0]
2023-10-21 10:58:29.987 [main] INFO  o.h.jpa.internal.util.LogHelper - HHH000204: Processing PersistenceUnitInfo [name: default]
2023-10-21 10:58:30.022 [main] INFO  org.hibernate.Version - HHH000412: Hibernate ORM core version 6.1.7.Final
2023-10-21 10:58:30.309 [main] INFO  com.zaxxer.hikari.HikariDataSource - HikariPool-1 - Starting...
2023-10-21 10:58:30.564 [main] INFO  com.zaxxer.hikari.pool.HikariPool - HikariPool-1 - Added connection com.mysql.cj.jdbc.ConnectionImpl@76134b9b
2023-10-21 10:58:30.566 [main] INFO  com.zaxxer.hikari.HikariDataSource - HikariPool-1 - Start completed.
2023-10-21 10:58:30.605 [main] INFO  SQL dialect - HHH000400: Using dialect: org.hibernate.dialect.MySQLDialect
2023-10-21 10:58:31.176 [main] INFO  o.h.tuple.entity.EntityMetamodel - HHH000157: Lazy property fetching available for: com.tec02.model.entity.impl.modifiableEnityimpl.haveLocationImpl.haveDiscriptionimpl.FileProgram
2023-10-21 10:58:31.214 [main] INFO  o.h.tuple.entity.EntityMetamodel - HHH000157: Lazy property fetching available for: com.tec02.model.entity.impl.Station
2023-10-21 10:58:31.265 [main] INFO  o.h.tuple.entity.EntityMetamodel - HHH000157: Lazy property fetching available for: com.tec02.model.entity.impl.Product
2023-10-21 10:58:31.298 [main] INFO  o.h.tuple.entity.EntityMetamodel - HHH000157: Lazy property fetching available for: com.tec02.model.entity.impl.modifiableEnityimpl.haveLocationImpl.haveDiscriptionimpl.Program
2023-10-21 10:58:31.317 [main] INFO  o.h.tuple.entity.EntityMetamodel - HHH000157: Lazy property fetching available for: com.tec02.model.entity.impl.modifiableEnityimpl.haveLocationImpl.haveDiscriptionimpl.FileGroup
2023-10-21 10:58:31.364 [main] INFO  o.h.tuple.entity.EntityMetamodel - HHH000157: Lazy property fetching available for: com.tec02.model.entity.impl.Location
2023-10-21 10:58:31.378 [main] INFO  o.h.tuple.entity.EntityMetamodel - HHH000157: Lazy property fetching available for: com.tec02.model.entity.impl.Line
2023-10-21 10:58:31.396 [main] INFO  o.h.tuple.entity.EntityMetamodel - HHH000157: Lazy property fetching available for: com.tec02.model.entity.impl.modifiableEnityimpl.File
2023-10-21 10:58:31.408 [main] INFO  o.h.tuple.entity.EntityMetamodel - HHH000157: Lazy property fetching available for: com.tec02.model.entity.impl.modifiableEnityimpl.Role
2023-10-21 10:58:31.624 [main] INFO  o.h.e.t.j.p.i.JtaPlatformInitiator - HHH000490: Using JtaPlatform implementation: [org.hibernate.engine.transaction.jta.platform.internal.NoJtaPlatform]
2023-10-21 10:58:31.630 [main] INFO  o.s.o.j.LocalContainerEntityManagerFactoryBean - Initialized JPA EntityManagerFactory for persistence unit 'default'
2023-10-21 10:58:32.637 [main] WARN  o.s.b.a.o.j.JpaBaseConfiguration$JpaWebConfiguration - spring.jpa.open-in-view is enabled by default. Therefore, database queries may be performed during view rendering. Explicitly configure spring.jpa.open-in-view to disable this warning
2023-10-21 10:58:33.036 [main] INFO  o.s.s.web.DefaultSecurityFilterChain - Will secure any request with [org.springframework.security.web.session.DisableEncodeUrlFilter@435e857c, org.springframework.security.web.context.request.async.WebAsyncManagerIntegrationFilter@f11fe28, org.springframework.security.web.context.SecurityContextHolderFilter@2e7de98a, org.springframework.security.web.header.HeaderWriterFilter@79205848, org.springframework.security.web.authentication.logout.LogoutFilter@59e5ecab, com.tec02.config.JwtAuthenticationFilter@63dd81ee, org.springframework.security.web.savedrequest.RequestCacheAwareFilter@7e18b9e6, org.springframework.security.web.servletapi.SecurityContextHolderAwareRequestFilter@4e58f26d, org.springframework.security.web.authentication.AnonymousAuthenticationFilter@4f1502d7, org.springframework.security.web.session.SessionManagementFilter@105fa381, org.springframework.security.web.access.ExceptionTranslationFilter@330888a, org.springframework.security.web.access.intercept.AuthorizationFilter@60c588cf]
2023-10-21 10:58:33.247 [main] WARN  o.s.b.a.t.ThymeleafAutoConfiguration$DefaultTemplateResolverConfiguration - Cannot find template location: classpath:/templates/ (please add some templates, check your Thymeleaf configuration, or set spring.thymeleaf.check-template-location=false)
2023-10-21 10:58:33.369 [main] INFO  c.tec02.Tec02serverApplicationTests - Started Tec02serverApplicationTests in 4.691 seconds (process running for 5.464)
2023-10-21 10:58:33.682 [SpringApplicationShutdownHook] INFO  o.s.o.j.LocalContainerEntityManagerFactoryBean - Closing JPA EntityManagerFactory for persistence unit 'default'
2023-10-21 10:58:33.684 [SpringApplicationShutdownHook] INFO  com.zaxxer.hikari.HikariDataSource - HikariPool-1 - Shutdown initiated...
2023-10-21 10:58:33.691 [SpringApplicationShutdownHook] INFO  com.zaxxer.hikari.HikariDataSource - HikariPool-1 - Shutdown completed.
